Using pre-set license
Built from '2020.3/release' branch; Version is '2020.3.12f1 (b3b2c6512326) revision 11776710'; Using compiler version '192528614'; Build Type 'Release'
OS: 'Windows 10 Home; OS build 19042.1165; Version 2009; 64bit' Language: 'zh' Physical Memory: 8066 MB
BatchMode: 1, IsHumanControllingUs: 0, StartBugReporterOnCrash: 0, Is64bit: 1, IsPro: 0

 COMMAND LINE ARGUMENTS:
C:\Program Files\Unity2020HC\Editor\Unity.exe
-adb2
-batchMode
-noUpm
-name
AssetImportWorker0
-projectPath
C:/Users/user/Desktop/HC/Unity/Unity_HC_WOW_Dinosaur_20210823/3HourGame2DRPG
-logFile
Logs/AssetImportWorker0.log
-srvPort
58107
Successfully changed project path to: C:/Users/user/Desktop/HC/Unity/Unity_HC_WOW_Dinosaur_20210823/3HourGame2DRPG
C:/Users/user/Desktop/HC/Unity/Unity_HC_WOW_Dinosaur_20210823/3HourGame2DRPG
Using Asset Import Pipeline V2.
Refreshing native plugins compatible for Editor in 209.40 ms, found 3 plugins.
Preloading 0 native plugins for Editor in 0.00 ms.
Initialize engine version: 2020.3.12f1 (b3b2c6512326)
[Subsystems] Discovering subsystems at path C:/Program Files/Unity2020HC/Editor/Data/Resources/UnitySubsystems
[Subsystems] Discovering subsystems at path C:/Users/user/Desktop/HC/Unity/Unity_HC_WOW_Dinosaur_20210823/3HourGame2DRPG/Assets
GfxDevice: creating device client; threaded=0
Direct3D:
    Version:  Direct3D 11.0 [level 11.1]
    Renderer: NVIDIA GeForce MX150 (ID=0x1d10)
    Vendor:   
    VRAM:     1983 MB
    Driver:   27.21.14.6663
Initialize mono
Mono path[0] = 'C:/Program Files/Unity2020HC/Editor/Data/Managed'
Mono path[1] = 'C:/Program Files/Unity2020HC/Editor/Data/MonoBleedingEdge/lib/mono/unityjit'
Mono config path = 'C:/Program Files/Unity2020HC/Editor/Data/MonoBleedingEdge/etc'
Using monoOptions --debugger-agent=transport=dt_socket,embedding=1,server=y,suspend=n,address=127.0.0.1:56200
Begin MonoManager ReloadAssembly
Registering precompiled unity dll's ...
Register platform support module: C:/Program Files/Unity2020HC/Editor/Data/PlaybackEngines/WebGLSupport/UnityEditor.WebGL.Extensions.dll
Register platform support module: C:/Program Files/Unity2020HC/Editor/Data/PlaybackEngines/WindowsStandaloneSupport/UnityEditor.WindowsStandalone.Extensions.dll
Registered in 0.016032 seconds.
Native extension for WindowsStandalone target not found
Native extension for WebGL target not found
Refreshing native plugins compatible for Editor in 136.64 ms, found 3 plugins.
Preloading 0 native plugins for Editor in 0.00 ms.
Mono: successfully reloaded assembly
- Completed reload, in  8.551 seconds
Platform modules already initialized, skipping
Registering precompiled user dll's ...
Registered in 0.058295 seconds.
Begin MonoManager ReloadAssembly
Native extension for WindowsStandalone target not found
Native extension for WebGL target not found
Refreshing native plugins compatible for Editor in 223.02 ms, found 3 plugins.
Preloading 0 native plugins for Editor in 0.00 ms.
Mono: successfully reloaded assembly
- Completed reload, in  4.944 seconds
Platform modules already initialized, skipping
========================================================================
Worker process is ready to serve import requests
Launched and connected shader compiler UnityShaderCompiler.exe after 0.26 seconds
Refreshing native plugins compatible for Editor in 4.05 ms, found 3 plugins.
Preloading 0 native plugins for Editor in 0.00 ms.
Unloading 2094 Unused Serialized files (Serialized files now loaded: 0)
System memory in use before: 93.8 MB.
System memory in use after: 93.9 MB.

Unloading 28 unused Assets to reduce memory usage. Loaded Objects now: 2532.
Total: 10.321000 ms (FindLiveObjects: 0.725300 ms CreateObjectMapping: 0.424000 ms MarkObjects: 8.965200 ms  DeleteObjects: 0.202600 ms)

AssetImportParameters requested are different than current active one (requested -> active):
  custom:framework-win-MediaFoundation: 216162199b28c13a410421893ffa2e32 -> 
  custom:video-decoder-ogg-theora: a1e56fd34408186e4bbccfd4996cb3dc -> 
  custom:container-muxer-webm: aa71ff27fc2769a1b78a27578f13a17b -> 
  custom:container-demuxer-webm: 4f35f7cbe854078d1ac9338744f61a02 -> 
  custom:container-demuxer-ogg: 62fdf1f143b41e24485cea50d1cbac27 -> 
  custom:video-encoder-webm-vp8: eb34c28f22e8b96e1ab97ce403110664 -> 
  custom:video-codec-MediaFoundation-h265: 746d11721c4dcdbdad8f713fa42b33f4 -> 
  custom:video-decoder-webm-vp8: 9c59270c3fd7afecdb556c50c9e8de78 -> 
  custom:audio-decoder-ogg-vorbis: bf7c407c2cedff20999df2af8eb42d56 -> 
  custom:audio-encoder-webm-vorbis: bf7c407c2cedff20999df2af8eb42d56 -> 
========================================================================
Received Import Request.
  path: Assets/場景/選單.unity
  artifactKey: Guid(c217b63a142f7c04a8145dd02c3ada23) Importer(815301076,1909f56bfc062723c751e8b465ee728b)
Start importing Assets/場景/選單.unity using Guid(c217b63a142f7c04a8145dd02c3ada23) Importer(815301076,1909f56bfc062723c751e8b465ee728b)  -> (artifact id: '56810c7b3ffa0f2352cfbb723dcda666') in 0.063737 seconds 
  Import took 0.074297 seconds .

========================================================================
Received Import Request.
  Time since last request: 304.052852 seconds.
  path: Assets/Joystick Pack
  artifactKey: Guid(44a101f66d40dde4c895089e9b83b3bb) Importer(815301076,1909f56bfc062723c751e8b465ee728b)
Start importing Assets/Joystick Pack using Guid(44a101f66d40dde4c895089e9b83b3bb) Importer(815301076,1909f56bfc062723c751e8b465ee728b)  -> (artifact id: 'ee3aefc13b506d2398f16517e24543fd') in 0.017512 seconds 
  Import took 0.029635 seconds .

========================================================================
Received Import Request.
  Time since last request: 4.052531 seconds.
  path: Assets/Joystick Pack/Examples
  artifactKey: Guid(5a71259a40885244a8fda03175513ba5) Importer(815301076,1909f56bfc062723c751e8b465ee728b)
Start importing Assets/Joystick Pack/Examples using Guid(5a71259a40885244a8fda03175513ba5) Importer(815301076,1909f56bfc062723c751e8b465ee728b)  -> (artifact id: '3902193d27346f75eb67ab3afd0e3746') in 0.011223 seconds 
  Import took 0.020133 seconds .

========================================================================
Received Import Request.
  Time since last request: 0.002205 seconds.
  path: Assets/Joystick Pack/Examples
  artifactKey: Guid(5a71259a40885244a8fda03175513ba5) Importer(815301076,1909f56bfc062723c751e8b465ee728b)
Start importing Assets/Joystick Pack/Examples using Guid(5a71259a40885244a8fda03175513ba5) Importer(815301076,1909f56bfc062723c751e8b465ee728b)  -> (artifact id: '3902193d27346f75eb67ab3afd0e3746') in 0.009086 seconds 
  Import took 0.016601 seconds .

========================================================================
Received Import Request.
  Time since last request: 0.462655 seconds.
  path: Assets/Joystick Pack/Scripts
  artifactKey: Guid(07b685cbd69eaf049b40883b45f5bae2) Importer(815301076,1909f56bfc062723c751e8b465ee728b)
Start importing Assets/Joystick Pack/Scripts using Guid(07b685cbd69eaf049b40883b45f5bae2) Importer(815301076,1909f56bfc062723c751e8b465ee728b)  -> (artifact id: 'da3b9c016a0d26ce15b3f3763b384e1d') in 0.023468 seconds 
  Import took 0.036108 seconds .

========================================================================
Received Import Request.
  Time since last request: 2.414636 seconds.
  path: Assets/Joystick Pack/Prefabs
  artifactKey: Guid(d41e4075f56d1e1438b3af3673ec6081) Importer(815301076,1909f56bfc062723c751e8b465ee728b)
Start importing Assets/Joystick Pack/Prefabs using Guid(d41e4075f56d1e1438b3af3673ec6081) Importer(815301076,1909f56bfc062723c751e8b465ee728b)  -> (artifact id: '922de43021082a563e897deab929419a') in 0.011929 seconds 
  Import took 0.019790 seconds .

========================================================================
Received Import Request.
  Time since last request: 0.084333 seconds.
  path: Assets/Joystick Pack/Prefabs/Dynamic Joystick.prefab
  artifactKey: Guid(56fae09712773584fb63896d473a98ee) Importer(815301076,1909f56bfc062723c751e8b465ee728b)
Start importing Assets/Joystick Pack/Prefabs/Dynamic Joystick.prefab using Guid(56fae09712773584fb63896d473a98ee) Importer(815301076,1909f56bfc062723c751e8b465ee728b)  -> (artifact id: 'd5e04ea95ac1ef5c7c5738b6a7312d50') in 0.173189 seconds 
  Import took 0.184327 seconds .

========================================================================
Received Import Request.
  Time since last request: 0.000392 seconds.
  path: Assets/Joystick Pack/Prefabs/Variable Joystick.prefab
  artifactKey: Guid(ec536a7718376554185e4a856d5ae230) Importer(815301076,1909f56bfc062723c751e8b465ee728b)
Start importing Assets/Joystick Pack/Prefabs/Variable Joystick.prefab using Guid(ec536a7718376554185e4a856d5ae230) Importer(815301076,1909f56bfc062723c751e8b465ee728b)  -> (artifact id: '36cbc4c741b3a8edc1584629cf0e6d97') in 0.019099 seconds 
  Import took 0.028189 seconds .

========================================================================
Received Import Request.
  Time since last request: 0.000478 seconds.
  path: Assets/Joystick Pack/Prefabs/Fixed Joystick.prefab
  artifactKey: Guid(aaa2c939c0359ac4dbce3f49e8b90252) Importer(815301076,1909f56bfc062723c751e8b465ee728b)
Start importing Assets/Joystick Pack/Prefabs/Fixed Joystick.prefab using Guid(aaa2c939c0359ac4dbce3f49e8b90252) Importer(815301076,1909f56bfc062723c751e8b465ee728b)  -> (artifact id: 'f635e52c4031391ac761e008d970db28') in 0.036928 seconds 
  Import took 0.045060 seconds .

========================================================================
Received Import Request.
  Time since last request: 0.000426 seconds.
  path: Assets/Joystick Pack/Prefabs/Floating Joystick.prefab
  artifactKey: Guid(0d230cc8be529a542a08cb878ab14b18) Importer(815301076,1909f56bfc062723c751e8b465ee728b)
Start importing Assets/Joystick Pack/Prefabs/Floating Joystick.prefab using Guid(0d230cc8be529a542a08cb878ab14b18) Importer(815301076,1909f56bfc062723c751e8b465ee728b)  -> (artifact id: '766a059b7bdf18bf345a83c3896a0a72') in 0.027802 seconds 
  Import took 0.036411 seconds .

========================================================================
Received Import Request.
  Time since last request: 9.115576 seconds.
  path: Assets/素材/關卡背景.mat
  artifactKey: Guid(a04f1a4b993eff7469431360d6a7c6a9) Importer(815301076,1909f56bfc062723c751e8b465ee728b)
Start importing Assets/素材/關卡背景.mat using Guid(a04f1a4b993eff7469431360d6a7c6a9) Importer(815301076,1909f56bfc062723c751e8b465ee728b)  -> (artifact id: 'f67b2cc45d882ac1368da58d85af07fd') in 0.239621 seconds 
  Import took 0.247126 seconds .

========================================================================
Received Import Request.
  Time since last request: 29.361625 seconds.
  path: Assets/素材/Tileset Palette
  artifactKey: Guid(ffa1277bff802794d811d96630d14d9b) Importer(815301076,1909f56bfc062723c751e8b465ee728b)
Start importing Assets/素材/Tileset Palette using Guid(ffa1277bff802794d811d96630d14d9b) Importer(815301076,1909f56bfc062723c751e8b465ee728b)  -> (artifact id: 'f747c36001c96afe8c3527e21b9dc32c') in 0.005074 seconds 
  Import took 0.009396 seconds .

========================================================================
Received Import Request.
  Time since last request: 0.001283 seconds.
  path: Assets/素材/Tileset Palette
  artifactKey: Guid(ffa1277bff802794d811d96630d14d9b) Importer(815301076,1909f56bfc062723c751e8b465ee728b)
Start importing Assets/素材/Tileset Palette using Guid(ffa1277bff802794d811d96630d14d9b) Importer(815301076,1909f56bfc062723c751e8b465ee728b)  -> (artifact id: 'f747c36001c96afe8c3527e21b9dc32c') in 0.004389 seconds 
  Import took 0.009844 seconds .

========================================================================
Received Import Request.
  Time since last request: 1973.953706 seconds.
  path: Assets/預製物/BGM.prefab
  artifactKey: Guid(34c95ff5744afde48b501097df5099de) Importer(815301076,1909f56bfc062723c751e8b465ee728b)
Start importing Assets/預製物/BGM.prefab using Guid(34c95ff5744afde48b501097df5099de) Importer(815301076,1909f56bfc062723c751e8b465ee728b)  -> (artifact id: '4cdfbdff5367a1c2a6182f892a96198a') in 0.019633 seconds 
  Import took 0.031048 seconds .

========================================================================
Received Import Request.
  Time since last request: 0.000600 seconds.
  path: Assets/預製物/寶箱.prefab
  artifactKey: Guid(ab3b644536e3535418b3b1ef5a78a4cf) Importer(815301076,1909f56bfc062723c751e8b465ee728b)
Start importing Assets/預製物/寶箱.prefab using Guid(ab3b644536e3535418b3b1ef5a78a4cf) Importer(815301076,1909f56bfc062723c751e8b465ee728b)  -> (artifact id: '653331ca5b9a09b5ede2463431dd0c30') in 0.145542 seconds 
  Import took 0.157203 seconds .

========================================================================
Received Import Request.
  Time since last request: 0.000456 seconds.
  path: Assets/預製物/小恐龍.prefab
  artifactKey: Guid(08b4e13648b2dd34db9893672a41887e) Importer(815301076,1909f56bfc062723c751e8b465ee728b)
Start importing Assets/預製物/小恐龍.prefab using Guid(08b4e13648b2dd34db9893672a41887e) Importer(815301076,1909f56bfc062723c751e8b465ee728b)  -> (artifact id: '7caeafbdadea0ed4b15890e5a7545f33') in 0.089185 seconds 
  Import took 0.100473 seconds .

========================================================================
Received Import Request.
  Time since last request: 0.000493 seconds.
  path: Assets/預製物/樹木 1.prefab
  artifactKey: Guid(e912417815aa8ce4694d4df931a2292c) Importer(815301076,1909f56bfc062723c751e8b465ee728b)
Start importing Assets/預製物/樹木 1.prefab using Guid(e912417815aa8ce4694d4df931a2292c) Importer(815301076,1909f56bfc062723c751e8b465ee728b)  -> (artifact id: '5adf8f9bee2c86bb9f1489260d025d85') in 0.037564 seconds 
  Import took 0.046794 seconds .

========================================================================
Received Import Request.
  Time since last request: 0.000420 seconds.
  path: Assets/預製物/Main Camera.prefab
  artifactKey: Guid(7c14d5e7b97ba8f4d9a1d3cb0370695a) Importer(815301076,1909f56bfc062723c751e8b465ee728b)
Start importing Assets/預製物/Main Camera.prefab using Guid(7c14d5e7b97ba8f4d9a1d3cb0370695a) Importer(815301076,1909f56bfc062723c751e8b465ee728b)  -> (artifact id: 'cf9fa84b38a0ee808c664b148413bf5c') in 0.035509 seconds 
  Import took 0.044746 seconds .

========================================================================
Received Import Request.
  Time since last request: 1.885194 seconds.
  path: Assets/預製物/死亡區域.prefab
  artifactKey: Guid(d29f33fe85538b9428e4122bd87f72c5) Importer(815301076,1909f56bfc062723c751e8b465ee728b)
Start importing Assets/預製物/死亡區域.prefab using Guid(d29f33fe85538b9428e4122bd87f72c5) Importer(815301076,1909f56bfc062723c751e8b465ee728b)  -> (artifact id: 'ce8bf10ebc870688aa8d15a50c567123') in 0.017776 seconds 
  Import took 0.026217 seconds .

========================================================================
Received Import Request.
  Time since last request: 0.034323 seconds.
  path: Assets/預製物/火炬火焰.prefab
  artifactKey: Guid(c72ed21f7cc4de94d8dc952b410860d3) Importer(815301076,1909f56bfc062723c751e8b465ee728b)
Start importing Assets/預製物/火炬火焰.prefab using Guid(c72ed21f7cc4de94d8dc952b410860d3) Importer(815301076,1909f56bfc062723c751e8b465ee728b)  -> (artifact id: '717cbb90d1e8f71f167e351865a5d48b') in 0.028421 seconds 
  Import took 0.042877 seconds .

========================================================================
Received Import Request.
  Time since last request: 0.106878 seconds.
  path: Assets/預製物/營火.prefab
  artifactKey: Guid(31b6d2043a8787348a6a6e2f08c5cfc0) Importer(815301076,1909f56bfc062723c751e8b465ee728b)
Start importing Assets/預製物/營火.prefab using Guid(31b6d2043a8787348a6a6e2f08c5cfc0) Importer(815301076,1909f56bfc062723c751e8b465ee728b)  -> (artifact id: 'ce12d61ade4f17bb049f175210e34ede') in 0.052491 seconds 
  Import took 0.063823 seconds .

========================================================================
Received Import Request.
  Time since last request: 0.000836 seconds.
  path: Assets/預製物/營火火焰.prefab
  artifactKey: Guid(e1240fddff4fe3b409b56748a30358fc) Importer(815301076,1909f56bfc062723c751e8b465ee728b)
Start importing Assets/預製物/營火火焰.prefab using Guid(e1240fddff4fe3b409b56748a30358fc) Importer(815301076,1909f56bfc062723c751e8b465ee728b)  -> (artifact id: '00fc93ed89c16b9ebea07b527d70fb38') in 0.025083 seconds 
  Import took 0.035352 seconds .

========================================================================
Received Import Request.
  Time since last request: 0.000429 seconds.
  path: Assets/預製物/畫布.prefab
  artifactKey: Guid(6ef2f73fe87d08f4da9b2ffbc89ca5f1) Importer(815301076,1909f56bfc062723c751e8b465ee728b)
Start importing Assets/預製物/畫布.prefab using Guid(6ef2f73fe87d08f4da9b2ffbc89ca5f1) Importer(815301076,1909f56bfc062723c751e8b465ee728b)  -> (artifact id: 'abfdbe8ccfddf1ca6ace234c024f3586') in 0.181127 seconds 
  Import took 0.194353 seconds .

========================================================================
Received Import Request.
  Time since last request: 0.000448 seconds.
  path: Assets/預製物/看板.prefab
  artifactKey: Guid(9e17dab375c13c44b80221245c6b5706) Importer(815301076,1909f56bfc062723c751e8b465ee728b)
Start importing Assets/預製物/看板.prefab using Guid(9e17dab375c13c44b80221245c6b5706) Importer(815301076,1909f56bfc062723c751e8b465ee728b)  -> (artifact id: '7f8e5ea01448fdf19f3117810b5a471e') in 0.047837 seconds 
  Import took 0.061623 seconds .

========================================================================
Received Import Request.
  Time since last request: 1.637427 seconds.
  path: Assets/預製物/箭.prefab
  artifactKey: Guid(39b5f5ab1354e6c4a9932ff79eb66121) Importer(815301076,1909f56bfc062723c751e8b465ee728b)
Start importing Assets/預製物/箭.prefab using Guid(39b5f5ab1354e6c4a9932ff79eb66121) Importer(815301076,1909f56bfc062723c751e8b465ee728b)  -> (artifact id: 'b2072be91f56ea2de78ebc98f8869be9') in 0.091463 seconds 
  Import took 0.108379 seconds .

========================================================================
Received Import Request.
  Time since last request: 0.002028 seconds.
  path: Assets/預製物/箭一半.prefab
  artifactKey: Guid(936ab90a7c7647245879096e0b30eae9) Importer(815301076,1909f56bfc062723c751e8b465ee728b)
Start importing Assets/預製物/箭一半.prefab using Guid(936ab90a7c7647245879096e0b30eae9) Importer(815301076,1909f56bfc062723c751e8b465ee728b)  -> (artifact id: '2a4d4f7edd3ebe4ac4498e7c52395849') in 0.057983 seconds 
  Import took 0.075064 seconds .

========================================================================
Received Import Request.
  Time since last request: 0.184109 seconds.
  path: Assets/預製物/草 1.prefab
  artifactKey: Guid(1b33ac59ee7093640a4aced34674691a) Importer(815301076,1909f56bfc062723c751e8b465ee728b)
Start importing Assets/預製物/草 1.prefab using Guid(1b33ac59ee7093640a4aced34674691a) Importer(815301076,1909f56bfc062723c751e8b465ee728b)  -> (artifact id: '87d657a44ba42bcd6277c5b755515229') in 0.076339 seconds 
  Import took 0.095696 seconds .

========================================================================
Received Import Request.
  Time since last request: 0.098427 seconds.
  path: Assets/預製物/草叢 1.prefab
  artifactKey: Guid(5963d418621075748a79ad34e35be813) Importer(815301076,1909f56bfc062723c751e8b465ee728b)
Start importing Assets/預製物/草叢 1.prefab using Guid(5963d418621075748a79ad34e35be813) Importer(815301076,1909f56bfc062723c751e8b465ee728b)  -> (artifact id: '9df77267969a814448b2de55023f30df') in 0.100165 seconds 
  Import took 0.185525 seconds .

========================================================================
Received Import Request.
  Time since last request: 0.114584 seconds.
  path: Assets/預製物/草叢 2.prefab
  artifactKey: Guid(18791ed15b9d5194096c43fda893c22c) Importer(815301076,1909f56bfc062723c751e8b465ee728b)
Start importing Assets/預製物/草叢 2.prefab using Guid(18791ed15b9d5194096c43fda893c22c) Importer(815301076,1909f56bfc062723c751e8b465ee728b)  -> (artifact id: '1a542605fc858d03b072d0c43bc11d89') in 0.096644 seconds 
  Import took 0.129057 seconds .

========================================================================
Received Import Request.
  Time since last request: 0.144831 seconds.
  path: Assets/預製物/草叢 3.prefab
  artifactKey: Guid(1bf83dd6c820cd84f90473394db9a8ee) Importer(815301076,1909f56bfc062723c751e8b465ee728b)
Start importing Assets/預製物/草叢 3.prefab using Guid(1bf83dd6c820cd84f90473394db9a8ee) Importer(815301076,1909f56bfc062723c751e8b465ee728b)  -> (artifact id: 'af34758050b86ff536d39a8d7a95a9f5') in 0.046054 seconds 
  Import took 0.058893 seconds .

========================================================================
Received Import Request.
  Time since last request: 0.000816 seconds.
  path: Assets/預製物/蘋果.prefab
  artifactKey: Guid(1317040eb4f4fff47afec85e4b16e672) Importer(815301076,1909f56bfc062723c751e8b465ee728b)
Start importing Assets/預製物/蘋果.prefab using Guid(1317040eb4f4fff47afec85e4b16e672) Importer(815301076,1909f56bfc062723c751e8b465ee728b)  -> (artifact id: 'f7e06a186ab5a5a7ec23a6fea2af6f0a') in 0.046082 seconds 
  Import took 0.057001 seconds .

========================================================================
Received Import Request.
  Time since last request: 0.028266 seconds.
  path: Assets/預製物/過關區域.prefab
  artifactKey: Guid(ec7bc5d52522e444db9802a6c4e01ea0) Importer(815301076,1909f56bfc062723c751e8b465ee728b)
Start importing Assets/預製物/過關區域.prefab using Guid(ec7bc5d52522e444db9802a6c4e01ea0) Importer(815301076,1909f56bfc062723c751e8b465ee728b)  -> (artifact id: '9372717dd49d0099016f2e666e96c49a') in 0.022141 seconds 
  Import took 0.034638 seconds .

========================================================================
Received Import Request.
  Time since last request: 0.083942 seconds.
  path: Assets/預製物/鐵砧.prefab
  artifactKey: Guid(4cc4f421bec7b1949ab4862dfcbe3020) Importer(815301076,1909f56bfc062723c751e8b465ee728b)
Start importing Assets/預製物/鐵砧.prefab using Guid(4cc4f421bec7b1949ab4862dfcbe3020) Importer(815301076,1909f56bfc062723c751e8b465ee728b)  -> (artifact id: 'a2e81cb31a158078f7be7328bd015699') in 0.039006 seconds 
  Import took 0.050620 seconds .

========================================================================
Received Import Request.
  Time since last request: 0.204649 seconds.
  path: Assets/預製物/靶.prefab
  artifactKey: Guid(d8a65dd4d0329684c881d2e3ddad5074) Importer(815301076,1909f56bfc062723c751e8b465ee728b)
Start importing Assets/預製物/靶.prefab using Guid(d8a65dd4d0329684c881d2e3ddad5074) Importer(815301076,1909f56bfc062723c751e8b465ee728b)  -> (artifact id: '71171076e95ee4144ef052f35c892edf') in 0.037834 seconds 
  Import took 0.048783 seconds .

========================================================================
Received Prepare
Registering precompiled user dll's ...
Registered in 0.044992 seconds.
Begin MonoManager ReloadAssembly
Native extension for WindowsStandalone target not found
Native extension for WebGL target not found
Refreshing native plugins compatible for Editor in 2.42 ms, found 3 plugins.
Preloading 0 native plugins for Editor in 0.00 ms.
Mono: successfully reloaded assembly
- Completed reload, in  4.650 seconds
Platform modules already initialized, skipping
Refreshing native plugins compatible for Editor in 1.49 ms, found 3 plugins.
Preloading 0 native plugins for Editor in 0.00 ms.
Unloading 2084 Unused Serialized files (Serialized files now loaded: 0)
System memory in use before: 96.6 MB.
System memory in use after: 96.7 MB.

Unloading 17 unused Assets to reduce memory usage. Loaded Objects now: 2577.
Total: 6.784600 ms (FindLiveObjects: 0.352600 ms CreateObjectMapping: 0.165700 ms MarkObjects: 6.140000 ms  DeleteObjects: 0.122300 ms)

AssetImportParameters requested are different than current active one (requested -> active):
  custom:framework-win-MediaFoundation: 216162199b28c13a410421893ffa2e32 -> 
  custom:video-decoder-ogg-theora: a1e56fd34408186e4bbccfd4996cb3dc -> 
  custom:container-muxer-webm: aa71ff27fc2769a1b78a27578f13a17b -> 
  custom:container-demuxer-webm: 4f35f7cbe854078d1ac9338744f61a02 -> 
  custom:container-demuxer-ogg: 62fdf1f143b41e24485cea50d1cbac27 -> 
  custom:video-encoder-webm-vp8: eb34c28f22e8b96e1ab97ce403110664 -> 
  custom:video-codec-MediaFoundation-h265: 746d11721c4dcdbdad8f713fa42b33f4 -> 
  custom:video-decoder-webm-vp8: 9c59270c3fd7afecdb556c50c9e8de78 -> 
  custom:audio-decoder-ogg-vorbis: bf7c407c2cedff20999df2af8eb42d56 -> 
  custom:audio-encoder-webm-vorbis: bf7c407c2cedff20999df2af8eb42d56 -> 
========================================================================
Received Import Request.
  Time since last request: 1097.524551 seconds.
  path: Assets/素材/Material/MT FX Particle Torch Fire.mat
  artifactKey: Guid(dce4faabfa7d00147bb7d853e5c1fbf3) Importer(815301076,1909f56bfc062723c751e8b465ee728b)
Start importing Assets/素材/Material/MT FX Particle Torch Fire.mat using Guid(dce4faabfa7d00147bb7d853e5c1fbf3) Importer(815301076,1909f56bfc062723c751e8b465ee728b)  -> (artifact id: '2df62e898084e769a13384c609cc62a2') in 0.255575 seconds 
  Import took 0.265894 seconds .

========================================================================
Received Import Request.
  Time since last request: 0.631302 seconds.
  path: Assets/素材/Material/MT FX Particle Torch Spark.mat
  artifactKey: Guid(23524a906e8f5eb4384f92eb87af52f4) Importer(815301076,1909f56bfc062723c751e8b465ee728b)
Start importing Assets/素材/Material/MT FX Particle Torch Spark.mat using Guid(23524a906e8f5eb4384f92eb87af52f4) Importer(815301076,1909f56bfc062723c751e8b465ee728b)  -> (artifact id: '33b4f6f0df411b83c047d7f4e494dadb') in 0.046092 seconds 
  Import took 0.055570 seconds .

========================================================================
Received Import Request.
  Time since last request: 0.015321 seconds.
  path: Assets/素材/Material/MT FX Particle Torch Spark.mat
  artifactKey: Guid(23524a906e8f5eb4384f92eb87af52f4) Importer(815301076,1909f56bfc062723c751e8b465ee728b)
Start importing Assets/素材/Material/MT FX Particle Torch Spark.mat using Guid(23524a906e8f5eb4384f92eb87af52f4) Importer(815301076,1909f56bfc062723c751e8b465ee728b)  -> (artifact id: '33b4f6f0df411b83c047d7f4e494dadb') in 0.031221 seconds 
  Import took 0.046183 seconds .

========================================================================
Received Import Request.
  Time since last request: 1.111251 seconds.
  path: Assets/素材/Material/MT FX Particle Torch Glow.mat
  artifactKey: Guid(6c48dc6ed4cda324b83bb2391ca6fb9a) Importer(815301076,1909f56bfc062723c751e8b465ee728b)
Start importing Assets/素材/Material/MT FX Particle Torch Glow.mat using Guid(6c48dc6ed4cda324b83bb2391ca6fb9a) Importer(815301076,1909f56bfc062723c751e8b465ee728b)  -> (artifact id: '3a4e9e822c735d3a6fcd95e6ade00004') in 0.049515 seconds 
  Import took 0.061608 seconds .

========================================================================
Received Import Request.
  Time since last request: 0.014336 seconds.
  path: Assets/素材/Material/MT FX Particle Torch Glow.mat
  artifactKey: Guid(6c48dc6ed4cda324b83bb2391ca6fb9a) Importer(815301076,1909f56bfc062723c751e8b465ee728b)
Start importing Assets/素材/Material/MT FX Particle Torch Glow.mat using Guid(6c48dc6ed4cda324b83bb2391ca6fb9a) Importer(815301076,1909f56bfc062723c751e8b465ee728b)  -> (artifact id: '3a4e9e822c735d3a6fcd95e6ade00004') in 0.043807 seconds 
  Import took 0.056831 seconds .

========================================================================
Received Prepare
Registering precompiled user dll's ...
Registered in 0.009953 seconds.
Begin MonoManager ReloadAssembly
Native extension for WindowsStandalone target not found
Native extension for WebGL target not found
Refreshing native plugins compatible for Editor in 0.95 ms, found 3 plugins.
Preloading 0 native plugins for Editor in 0.00 ms.
Mono: successfully reloaded assembly
- Completed reload, in  2.408 seconds
Platform modules already initialized, skipping
Refreshing native plugins compatible for Editor in 0.87 ms, found 3 plugins.
Preloading 0 native plugins for Editor in 0.00 ms.
Unloading 2084 Unused Serialized files (Serialized files now loaded: 0)
System memory in use before: 96.8 MB.
System memory in use after: 96.9 MB.

Unloading 17 unused Assets to reduce memory usage. Loaded Objects now: 2583.
Total: 5.394700 ms (FindLiveObjects: 0.364300 ms CreateObjectMapping: 0.160300 ms MarkObjects: 4.782200 ms  DeleteObjects: 0.084700 ms)

AssetImportParameters requested are different than current active one (requested -> active):
  custom:framework-win-MediaFoundation: 216162199b28c13a410421893ffa2e32 -> 
  custom:video-decoder-ogg-theora: a1e56fd34408186e4bbccfd4996cb3dc -> 
  custom:container-muxer-webm: aa71ff27fc2769a1b78a27578f13a17b -> 
  custom:container-demuxer-webm: 4f35f7cbe854078d1ac9338744f61a02 -> 
  custom:container-demuxer-ogg: 62fdf1f143b41e24485cea50d1cbac27 -> 
  custom:video-encoder-webm-vp8: eb34c28f22e8b96e1ab97ce403110664 -> 
  custom:video-codec-MediaFoundation-h265: 746d11721c4dcdbdad8f713fa42b33f4 -> 
  custom:video-decoder-webm-vp8: 9c59270c3fd7afecdb556c50c9e8de78 -> 
  custom:audio-decoder-ogg-vorbis: bf7c407c2cedff20999df2af8eb42d56 -> 
  custom:audio-encoder-webm-vorbis: bf7c407c2cedff20999df2af8eb42d56 -> 
AssetImportWorkerClient::OnTransportError - code=2 error=End of file
